2020-05-06 20:28:53,890	WARNING worker.py:1268 -- WARNING: Not updating worker name since `setproctitle` is not installed. Install this with `pip install setproctitle` (or ray[debug]) to enable monitoring of worker processes.
2020-05-06 20:28:54,249	INFO trainer.py:345 -- Tip: set 'eager': true or the --eager flag to enable TensorFlow eager execution
2020-05-06 20:30:06,320	INFO trainable.py:102 -- _setup took 71.945 seconds. If your trainable is slow to initialize, consider setting reuse_actors=True to reduce actor creation overheads.
2020-05-06 20:30:06,367	WARNING util.py:45 -- Install gputil for GPU system monitoring.
***********************************************************
Nodes used: 4
Available resources: {'object_store_memory': 1052.0, 'memory': 13717.0, 'CPU': 4.0}
***********************************************************
Performing iteration: 0
Iteration time: 76.25819802284241
Performing iteration: 1
Iteration time: 61.54239797592163
Performing iteration: 2
Iteration time: 60.5745587348938
Performing iteration: 3
Iteration time: 60.76571846008301
Performing iteration: 4
Iteration time: 60.71509885787964
Performing iteration: 5
Iteration time: 60.87652802467346
Performing iteration: 6
Iteration time: 60.91092777252197
Performing iteration: 7
Iteration time: 60.82016134262085
Performing iteration: 8
Iteration time: 60.74005150794983
Performing iteration: 9
Iteration time: 60.91761064529419
custom_metrics: {}
date: 2020-05-06_20-40-30
done: false
episode_len_mean: 190.42
episode_reward_max: 200.0
episode_reward_mean: 190.42
episode_reward_min: 113.0
episodes_this_iter: 20
episodes_total: 444
experiment_id: 98d7c67b405047f6bc15d5b4ef354692
hostname: nid03395
info:
  grad_time_ms: 48859.693
  learner:
    default_policy:
      cur_kl_coeff: 0.11249999701976776
      cur_lr: 9.999999747378752e-05
      entropy: 0.5542864799499512
      entropy_coeff: 0.0
      kl: 0.0029327585361897945
      policy_loss: -0.0034314775839447975
      total_loss: 225.1952362060547
      vf_explained_var: 0.6629782915115356
      vf_loss: 225.19834899902344
  load_time_ms: 61.078
  num_steps_sampled: 40000
  num_steps_trained: 39680
  sample_time_ms: 12382.728
  update_time_ms: 830.805
iterations_since_restore: 10
node_ip: 10.236.16.140
num_healthy_workers: 4
off_policy_estimator: {}
perf:
  cpu_util_percent: 0.3883720930232557
  ram_util_percent: 2.5
pid: 52253
policy_reward_max: {}
policy_reward_mean: {}
policy_reward_min: {}
sampler_perf:
  mean_env_wait_ms: 0.45574158946480636
  mean_inference_ms: 9.427364054937398
  mean_processing_ms: 1.2802454293363636
time_since_restore: 622.9443655014038
time_this_iter_s: 60.86428475379944
time_total_s: 622.9443655014038
timestamp: 1588797630
timesteps_since_restore: 40000
timesteps_this_iter: 4000
timesteps_total: 40000
training_iteration: 10

Final checkpoint saved at /home/rmaulik/ray_results/PPO_CartPole-v0_2020-05-06_20-28-54svqqaw3_/checkpoint_10/checkpoint-10
Breakdown of times in this experiment
Time to connect: 0.2531421184539795
Time to register environment: 0.009238719940185547
Time to setup PPO trainer: 72.2443950176239
Time for total iterations: 624.1218366622925
Time to save checkpoint: 0.49512410163879395
Total time to solution: 697.157767534256
